c:\github\jimfawcett\sockets-windows\sockets-windows\debug\sockets.pdb
c:\github\jimfawcett\sockets-windows\sockets-windows\debug\sockets.idb
c:\github\jimfawcett\sockets-windows\sockets-windows\debug\sockets.obj
c:\github\jimfawcett\sockets-windows\sockets-windows\debug\logger.obj
c:\github\jimfawcett\sockets-windows\sockets-windows\debug\vc142.pdb
c:\github\jimfawcett\sockets-windows\sockets-windows\debug\vc142.idb
c:\github\jimfawcett\sockets-windows\debug\sockets.lib
c:\github\jimfawcett\sockets-windows\debug\sockets.ilk
c:\github\jimfawcett\sockets-windows\debug\sockets.exe
c:\github\jimfawcett\sockets-windows\debug\sockets.pdb
c:\github\jimfawcett\sockets-windows\debug\sockets.exp
c:\github\jimfawcett\sockets-windows\sockets-windows\debug\sockets.tlog\cl.command.1.tlog
c:\github\jimfawcett\sockets-windows\sockets-windows\debug\sockets.tlog\cl.read.1.tlog
c:\github\jimfawcett\sockets-windows\sockets-windows\debug\sockets.tlog\cl.write.1.tlog
c:\github\jimfawcett\sockets-windows\sockets-windows\debug\sockets.tlog\lib-link.read.1.tlog
c:\github\jimfawcett\sockets-windows\sockets-windows\debug\sockets.tlog\lib-link.write.1.tlog
c:\github\jimfawcett\sockets-windows\sockets-windows\debug\sockets.tlog\lib.command.1.tlog
c:\github\jimfawcett\sockets-windows\sockets-windows\debug\sockets.tlog\link.command.1.tlog
c:\github\jimfawcett\sockets-windows\sockets-windows\debug\sockets.tlog\link.delete.1.tlog
c:\github\jimfawcett\sockets-windows\sockets-windows\debug\sockets.tlog\link.read.1.tlog
c:\github\jimfawcett\sockets-windows\sockets-windows\debug\sockets.tlog\link.write.1.tlog
c:\github\jimfawcett\sockets-windows\sockets-windows\debug\sockets.tlog\sockets.write.1u.tlog
